No errors on assembly of 'c:\users\jacob\documents\stm8\project03-wattsjake\mapping.asm'
No errors on assembly of 'c:\users\jacob\documents\stm8\project03-wattsjake\main.asm'
c:\users\jacob\documents\stm8\project03-wattsjake\main.asm(70): as2 : Error 46: Illegal undefined label 'button, #7'
c:\users\jacob\documents\stm8\project03-wattsjake\main.asm(76): as2 : Error 46: Illegal undefined label 'button_state, A'
2 errors on assembly of 'c:\users\jacob\documents\stm8\project03-wattsjake\main.asm'
No errors on assembly of 'c:\users\jacob\documents\stm8\project03-wattsjake\main.asm'
c:\users\jacob\documents\stm8\project03-wattsjake\main.asm(79): as2 : Error 46: Illegal undefined label 'button_state, A'
1 error on assembly of 'c:\users\jacob\documents\stm8\project03-wattsjake\main.asm'
No errors on assembly of 'c:\users\jacob\documents\stm8\project03-wattsjake\main.asm'
No errors on assembly of 'c:\users\jacob\documents\stm8\project03-wattsjake\main.asm'
No errors on assembly of 'c:\users\jacob\documents\stm8\project03-wattsjake\mapping.asm'
No errors on assembly of 'c:\users\jacob\documents\stm8\project03-wattsjake\mapping.asm'
No errors on assembly of 'c:\users\jacob\documents\stm8\project03-wattsjake\main.asm'
No errors on assembly of 'c:\users\jacob\documents\stm8\project03-wattsjake\main.asm'
c:\users\jacob\documents\stm8\project03-wattsjake\main.asm(63): as1 : Error 54: Can't match Addressing mode '	incw X500c'
1 error on assembly of 'c:\users\jacob\documents\stm8\project03-wattsjake\main.asm'
c:\users\jacob\documents\stm8\project03-wattsjake\main.asm(63): as1 : Error 54: Can't match Addressing mode '	incw X500c'
1 error on assembly of 'c:\users\jacob\documents\stm8\project03-wattsjake\main.asm'
c:\users\jacob\documents\stm8\project03-wattsjake\main.asm(63): as1 : Error 54: Can't match Addressing mode '	incw X500c'
c:\users\jacob\documents\stm8\project03-wattsjake\main.asm(63): as2 : Error 46: Illegal undefined label 'X500c'
2 errors on assembly of 'c:\users\jacob\documents\stm8\project03-wattsjake\main.asm'
No errors on assembly of 'c:\users\jacob\documents\stm8\project03-wattsjake\main.asm'
No errors on assembly of 'c:\users\jacob\documents\stm8\project03-wattsjake\main.asm'
No errors on assembly of 'c:\users\jacob\documents\stm8\project03-wattsjake\main.asm'
No errors on assembly of 'c:\users\jacob\documents\stm8\project03-wattsjake\main.asm'
No errors on assembly of 'c:\users\jacob\documents\stm8\project03-wattsjake\main.asm'
No errors on assembly of 'c:\users\jacob\documents\stm8\project03-wattsjake\main.asm'
No errors on assembly of 'c:\users\jacob\documents\stm8\project03-wattsjake\main.asm'
No errors on assembly of 'c:\users\jacob\documents\stm8\project03-wattsjake\main.asm'
No errors on assembly of 'c:\users\jacob\documents\stm8\project03-wattsjake\main.asm'
No errors on assembly of 'c:\users\jacob\documents\stm8\project03-wattsjake\main.asm'
No errors on assembly of 'c:\users\jacob\documents\stm8\project03-wattsjake\main.asm'
No errors on assembly of 'c:\users\jacob\documents\stm8\project03-wattsjake\main.asm'
No errors on assembly of 'c:\users\jacob\documents\stm8\project03-wattsjake\main.asm'
No errors on assembly of 'c:\users\jacob\documents\stm8\project03-wattsjake\main.asm'
No errors on assembly of 'c:\users\jacob\documents\stm8\project03-wattsjake\main.asm'
No errors on assembly of 'c:\users\jacob\documents\stm8\project03-wattsjake\main.asm'
No errors on assembly of 'c:\users\jacob\documents\stm8\project03-wattsjake\main.asm'
No errors on assembly of 'c:\users\jacob\documents\stm8\project03-wattsjake\main.asm'
No errors on assembly of 'c:\users\jacob\documents\stm8\project03-wattsjake\main.asm'
No errors on assembly of 'c:\users\jacob\documents\stm8\project03-wattsjake\main.asm'
No errors on assembly of 'c:\users\jacob\documents\stm8\project03-wattsjake\main.asm'
No errors on assembly of 'c:\users\jacob\documents\stm8\project03-wattsjake\main.asm'
No errors on assembly of 'c:\users\jacob\documents\stm8\project03-wattsjake\main.asm'
No errors on assembly of 'c:\users\jacob\documents\stm8\project03-wattsjake\main.asm'
No errors on assembly of 'c:\users\jacob\documents\stm8\project03-wattsjake\main.asm'
No errors on assembly of 'c:\users\jacob\documents\stm8\project03-wattsjake\main.asm'
No errors on assembly of 'c:\users\jacob\documents\stm8\project03-wattsjake\main.asm'
No errors on assembly of 'c:\users\jacob\documents\stm8\project03-wattsjake\main.asm'
No errors on assembly of 'c:\users\jacob\documents\stm8\project03-wattsjake\main.asm'
No errors on assembly of 'c:\users\jacob\documents\stm8\project03-wattsjake\main.asm'
No errors on assembly of 'c:\users\jacob\documents\stm8\project03-wattsjake\main.asm'
No errors on assembly of 'c:\users\jacob\documents\stm8\project03-wattsjake\main.asm'
No errors on assembly of 'c:\users\jacob\documents\stm8\project03-wattsjake\main.asm'
No errors on assembly of 'c:\users\jacob\documents\stm8\project03-wattsjake\main.asm'
