No errors on assembly of 'c:\users\jacob\documents\stm8\mapping.asm'
No errors on assembly of 'c:\users\jacob\documents\stm8\project02-wattsjake\mapping.asm'
No errors on assembly of 'c:\users\jacob\documents\stm8\project02-wattsjake\mapping.asm'
No errors on assembly of 'c:\users\jacob\documents\stm8\project02-wattsjake\mapping.asm'
No errors on assembly of 'c:\users\jacob\documents\stm8\project02-wattsjake\main.asm'
No errors on assembly of 'c:\users\jacob\documents\stm8\project02-wattsjake\main.asm'
No errors on assembly of 'c:\users\jacob\documents\stm8\project02-wattsjake\mapping.asm'
No errors on assembly of 'c:\users\jacob\documents\stm8\project02-wattsjake\mapping.asm'
No errors on assembly of 'c:\users\jacob\documents\stm8\project02-wattsjake\main.asm'
No errors on assembly of 'c:\users\jacob\documents\stm8\project02-wattsjake\main.asm'
No errors on assembly of 'c:\users\jacob\documents\stm8\project02-wattsjake\main.asm'
No errors on assembly of 'c:\users\jacob\documents\stm8\project02-wattsjake\main.asm'
No errors on assembly of 'c:\users\jacob\documents\stm8\project02-wattsjake\main.asm'
No errors on assembly of 'c:\users\jacob\documents\stm8\project02-wattsjake\main.asm'
No errors on assembly of 'c:\users\jacob\documents\stm8\project02-wattsjake\main.asm'
No errors on assembly of 'c:\users\jacob\documents\stm8\project02-wattsjake\main.asm'
No errors on assembly of 'c:\users\jacob\documents\stm8\project02-wattsjake\main.asm'
No errors on assembly of 'c:\users\jacob\documents\stm8\project02-wattsjake\main.asm'
No errors on assembly of 'c:\users\jacob\documents\stm8\project02-wattsjake\main.asm'
No errors on assembly of 'c:\users\jacob\documents\stm8\project02-wattsjake\main.asm'
No errors on assembly of 'c:\users\jacob\documents\stm8\project02-wattsjake\main.asm'
No errors on assembly of 'c:\users\jacob\documents\stm8\project02-wattsjake\main.asm'
No errors on assembly of 'c:\users\jacob\documents\stm8\project02-wattsjake\main.asm'
No errors on assembly of 'c:\users\jacob\documents\stm8\project02-wattsjake\main.asm'
No errors on assembly of 'c:\users\jacob\documents\stm8\project02-wattsjake\main.asm'
No errors on assembly of 'c:\users\jacob\documents\stm8\project02-wattsjake\main.asm'
No errors on assembly of 'c:\users\jacob\documents\stm8\project02-wattsjake\main.asm'
No errors on assembly of 'c:\users\jacob\documents\stm8\project02-wattsjake\main.asm'
No errors on assembly of 'c:\users\jacob\documents\stm8\project02-wattsjake\main.asm'
No errors on assembly of 'c:\users\jacob\documents\stm8\project02-wattsjake\main.asm'
No errors on assembly of 'c:\users\jacob\documents\stm8\project02-wattsjake\main.asm'
No errors on assembly of 'c:\users\jacob\documents\stm8\project02-wattsjake\main.asm'
No errors on assembly of 'c:\users\jacob\documents\stm8\project02-wattsjake\main.asm'
No errors on assembly of 'c:\users\jacob\documents\stm8\project02-wattsjake\main.asm'
No errors on assembly of 'c:\users\jacob\documents\stm8\project02-wattsjake\main.asm'
No errors on assembly of 'c:\users\jacob\documents\stm8\project02-wattsjake\main.asm'
No errors on assembly of 'c:\users\jacob\documents\stm8\project02-wattsjake\main.asm'
No errors on assembly of 'c:\users\jacob\documents\stm8\project02-wattsjake\main.asm'
No errors on assembly of 'c:\users\jacob\documents\stm8\project02-wattsjake\main.asm'
No errors on assembly of 'c:\users\jacob\documents\stm8\project02-wattsjake\main.asm'
No errors on assembly of 'c:\users\jacob\documents\stm8\project02-wattsjake\main.asm'
No errors on assembly of 'c:\users\jacob\documents\stm8\project02-wattsjake\main.asm'
No errors on assembly of 'c:\users\jacob\documents\stm8\project02-wattsjake\main.asm'
No errors on assembly of 'c:\users\jacob\documents\stm8\project02-wattsjake\main.asm'
No errors on assembly of 'c:\users\jacob\documents\stm8\project02-wattsjake\main.asm'
No errors on assembly of 'c:\users\jacob\documents\stm8\project02-wattsjake\main.asm'
No errors on assembly of 'c:\users\jacob\documents\stm8\project02-wattsjake\main.asm'
No errors on assembly of 'c:\users\jacob\documents\stm8\project02-wattsjake\main.asm'
No errors on assembly of 'c:\users\jacob\documents\stm8\project02-wattsjake\main.asm'
No errors on assembly of 'c:\users\jacob\documents\stm8\project02-wattsjake\main.asm'
No errors on assembly of 'c:\users\jacob\documents\stm8\project02-wattsjake\main.asm'
No errors on assembly of 'c:\users\jacob\documents\stm8\project02-wattsjake\main.asm'
No errors on assembly of 'c:\users\jacob\documents\stm8\project02-wattsjake\main.asm'
c:\users\jacob\documents\stm8\project02-wattsjake\main.asm(48): as2 : Error 46: Illegal undefined label 'PB_iDR ;load A with state of button'
1 error on assembly of 'c:\users\jacob\documents\stm8\project02-wattsjake\main.asm'
No errors on assembly of 'c:\users\jacob\documents\stm8\project02-wattsjake\main.asm'
No errors on assembly of 'c:\users\jacob\documents\stm8\project02-wattsjake\main.asm'
No errors on assembly of 'c:\users\jacob\documents\stm8\project02-wattsjake\main.asm'
No errors on assembly of 'c:\users\jacob\documents\stm8\project02-wattsjake\main.asm'
No errors on assembly of 'c:\users\jacob\documents\stm8\project02-wattsjake\main.asm'
No errors on assembly of 'c:\users\jacob\documents\stm8\project02-wattsjake\main.asm'
No errors on assembly of 'c:\users\jacob\documents\stm8\project02-wattsjake\main.asm'
No errors on assembly of 'c:\users\jacob\documents\stm8\project02-wattsjake\main.asm'
No errors on assembly of 'c:\users\jacob\documents\stm8\project02-wattsjake\main.asm'
c:\users\jacob\documents\stm8\project02-wattsjake\main.asm(49): as1 : Error 54: Can't match Addressing mode '    bcp #$10000000'
1 error on assembly of 'c:\users\jacob\documents\stm8\project02-wattsjake\main.asm'
c:\users\jacob\documents\stm8\project02-wattsjake\main.asm(49): as1 : Error 54: Can't match Addressing mode '    bcp #$10000000'
1 error on assembly of 'c:\users\jacob\documents\stm8\project02-wattsjake\main.asm'
c:\users\jacob\documents\stm8\project02-wattsjake\main.asm(49): as1 : Error 54: Can't match Addressing mode '    bcp #$10000000'
1 error on assembly of 'c:\users\jacob\documents\stm8\project02-wattsjake\main.asm'
c:\users\jacob\documents\stm8\project02-wattsjake\main.asm(49): as1 : Error 54: Can't match Addressing mode '    bcp #$10000000'
1 error on assembly of 'c:\users\jacob\documents\stm8\project02-wattsjake\main.asm'
c:\users\jacob\documents\stm8\project02-wattsjake\main.asm(49): as1 : Error 54: Can't match Addressing mode '    bcp #$10000000'
1 error on assembly of 'c:\users\jacob\documents\stm8\project02-wattsjake\main.asm'
No errors on assembly of 'c:\users\jacob\documents\stm8\project02-wattsjake\main.asm'
No errors on assembly of 'c:\users\jacob\documents\stm8\project02-wattsjake\main.asm'
No errors on assembly of 'c:\users\jacob\documents\stm8\project02-wattsjake\main.asm'
No errors on assembly of 'c:\users\jacob\documents\stm8\project02-wattsjake\main.asm'
c:\users\jacob\documents\stm8\project02-wattsjake\main.asm(50): as1 : Error 54: Can't match Addressing mode '    mov button_state, A'
1 error on assembly of 'c:\users\jacob\documents\stm8\project02-wattsjake\main.asm'
c:\users\jacob\documents\stm8\project02-wattsjake\main.asm(50): as1 : Error 54: Can't match Addressing mode '    mov button_state, A'
1 error on assembly of 'c:\users\jacob\documents\stm8\project02-wattsjake\main.asm'
c:\users\jacob\documents\stm8\project02-wattsjake\main.asm(50): as1 : Error 54: Can't match Addressing mode '    mov button_state, A'
1 error on assembly of 'c:\users\jacob\documents\stm8\project02-wattsjake\main.asm'
c:\users\jacob\documents\stm8\project02-wattsjake\main.asm(50): as1 : Error 54: Can't match Addressing mode '    mov button_state, A'
1 error on assembly of 'c:\users\jacob\documents\stm8\project02-wattsjake\main.asm'
c:\users\jacob\documents\stm8\project02-wattsjake\main.asm(50): as1 : Error 54: Can't match Addressing mode '    mov button_state, A'
1 error on assembly of 'c:\users\jacob\documents\stm8\project02-wattsjake\main.asm'
No errors on assembly of 'c:\users\jacob\documents\stm8\project02-wattsjake\main.asm'
No errors on assembly of 'c:\users\jacob\documents\stm8\project02-wattsjake\main.asm'
No errors on assembly of 'c:\users\jacob\documents\stm8\project02-wattsjake\main.asm'
No errors on assembly of 'c:\users\jacob\documents\stm8\project02-wattsjake\main.asm'
No errors on assembly of 'c:\users\jacob\documents\stm8\project02-wattsjake\main.asm'
No errors on assembly of 'c:\users\jacob\documents\stm8\project02-wattsjake\main.asm'
No errors on assembly of 'c:\users\jacob\documents\stm8\project02-wattsjake\main.asm'
No errors on assembly of 'c:\users\jacob\documents\stm8\project02-wattsjake\main.asm'
No errors on assembly of 'c:\users\jacob\documents\stm8\project02-wattsjake\main.asm'
No errors on assembly of 'c:\users\jacob\documents\stm8\project02-wattsjake\main.asm'
No errors on assembly of 'c:\users\jacob\documents\stm8\project02-wattsjake\main.asm'
c:\users\jacob\documents\stm8\project02-wattsjake\main.asm(66): as1 : Error 50: Doubly defined label! 'PB_ODR EQU $005005  ;Port D data output latch register'
c:\users\jacob\documents\stm8\project02-wattsjake\main.asm(67): as1 : Error 50: Doubly defined label! 'PB_IDR EQU $005006  ;PD_IDR Port D input pin value register'
c:\users\jacob\documents\stm8\project02-wattsjake\main.asm(68): as1 : Error 50: Doubly defined label! 'PB_DDR EQU $005007  ;PD_DDR Port D data direction register'
c:\users\jacob\documents\stm8\project02-wattsjake\main.asm(69): as1 : Error 50: Doubly defined label! 'PB_CR1 EQU $005008  ;PD_CR1 Port D control register 1 '
c:\users\jacob\documents\stm8\project02-wattsjake\main.asm(70): as1 : Error 50: Doubly defined label! 'PB_CR2 EQU $005009  ;PD_CR2 Port D control register 2 '
c:\users\jacob\documents\stm8\project02-wattsjake\main.asm(73): as1 : Error 50: Doubly defined label! 'PD_ODR EQU $00500F  ;Port D data output latch register'
c:\users\jacob\documents\stm8\project02-wattsjake\main.asm(74): as1 : Error 50: Doubly defined label! 'PD_IDR EQU $005010  ;PD_IDR Port D input pin value register'
c:\users\jacob\documents\stm8\project02-wattsjake\main.asm(75): as1 : Error 50: Doubly defined label! 'PD_DDR EQU $005011  ;PD_DDR Port D data direction register'
c:\users\jacob\documents\stm8\project02-wattsjake\main.asm(76): as1 : Error 50: Doubly defined label! 'PD_CR1 EQU $005012  ;PD_CR1 Port D control register 1 '
9 errors on assembly of 'c:\users\jacob\documents\stm8\project02-wattsjake\main.asm'
c:\users\jacob\documents\stm8\project02-wattsjake\main.asm(66): as1 : Error 50: Doubly defined label! 'PB_ODR EQU $005005  ;Port D data output latch register'
c:\users\jacob\documents\stm8\project02-wattsjake\main.asm(67): as1 : Error 50: Doubly defined label! 'PB_IDR EQU $005006  ;PD_IDR Port D input pin value register'
c:\users\jacob\documents\stm8\project02-wattsjake\main.asm(68): as1 : Error 50: Doubly defined label! 'PB_DDR EQU $005007  ;PD_DDR Port D data direction register'
c:\users\jacob\documents\stm8\project02-wattsjake\main.asm(69): as1 : Error 50: Doubly defined label! 'PB_CR1 EQU $005008  ;PD_CR1 Port D control register 1 '
c:\users\jacob\documents\stm8\project02-wattsjake\main.asm(70): as1 : Error 50: Doubly defined label! 'PB_CR2 EQU $005009  ;PD_CR2 Port D control register 2 '
c:\users\jacob\documents\stm8\project02-wattsjake\main.asm(73): as1 : Error 50: Doubly defined label! 'PD_ODR EQU $00500F  ;Port D data output latch register'
c:\users\jacob\documents\stm8\project02-wattsjake\main.asm(74): as1 : Error 50: Doubly defined label! 'PD_IDR EQU $005010  ;PD_IDR Port D input pin value register'
c:\users\jacob\documents\stm8\project02-wattsjake\main.asm(75): as1 : Error 50: Doubly defined label! 'PD_DDR EQU $005011  ;PD_DDR Port D data direction register'
c:\users\jacob\documents\stm8\project02-wattsjake\main.asm(76): as1 : Error 50: Doubly defined label! 'PD_CR1 EQU $005012  ;PD_CR1 Port D control register 1 '
9 errors on assembly of 'c:\users\jacob\documents\stm8\project02-wattsjake\main.asm'
No errors on assembly of 'c:\users\jacob\documents\stm8\project02-wattsjake\main.asm'
No errors on assembly of 'c:\users\jacob\documents\stm8\project02-wattsjake\main.asm'
No errors on assembly of 'c:\users\jacob\documents\stm8\project02-wattsjake\main.asm'
No errors on assembly of 'c:\users\jacob\documents\stm8\project02-wattsjake\main.asm'
No errors on assembly of 'c:\users\jacob\documents\stm8\project02-wattsjake\main.asm'
No errors on assembly of 'c:\users\jacob\documents\stm8\project02-wattsjake\main.asm'
No errors on assembly of 'c:\users\jacob\documents\stm8\project02-wattsjake\main.asm'
No errors on assembly of 'c:\users\jacob\documents\stm8\project02-wattsjake\main.asm'
No errors on assembly of 'c:\users\jacob\documents\stm8\project02-wattsjake\main.asm'
No errors on assembly of 'c:\users\jacob\documents\stm8\project02-wattsjake\main.asm'
No errors on assembly of 'c:\users\jacob\documents\stm8\project02-wattsjake\main.asm'
No errors on assembly of 'c:\users\jacob\documents\stm8\project02-wattsjake\main.asm'
No errors on assembly of 'c:\users\jacob\documents\stm8\project02-wattsjake\mapping.asm'
No errors on assembly of 'c:\users\jacob\documents\stm8\project02-wattsjake\mapping.asm'
No errors on assembly of 'c:\users\jacob\documents\stm8\project02-wattsjake\main.asm'
No errors on assembly of 'c:\users\jacob\documents\stm8\project02-wattsjake\main.asm'
No errors on assembly of 'c:\users\jacob\documents\stm8\project02-wattsjake\main.asm'
No errors on assembly of 'c:\users\jacob\documents\stm8\project02-wattsjake\main.asm'
No errors on assembly of 'c:\users\jacob\documents\stm8\project02-wattsjake\main.asm'
